2019-10-19 10:58:51.098 DEBUG 7340 --- [background-preinit] .h.v.m.ResourceBundleMessageInterpolator : Loaded expression factory via original TCCL
2019-10-19 10:58:51.118 DEBUG 7340 --- [background-preinit] o.h.v.i.engine.ValidatorFactoryImpl      : HV000234: Using org.hibernate.validator.messageinterpolation.ResourceBundleMessageInterpolator as ValidatorFactory-scoped message interpolator.
2019-10-19 10:58:51.121 DEBUG 7340 --- [background-preinit] o.h.v.i.engine.ValidatorFactoryImpl      : HV000234: Using org.hibernate.validator.internal.engine.resolver.TraverseAllTraversableResolver as ValidatorFactory-scoped traversable resolver.
2019-10-19 10:58:51.123 DEBUG 7340 --- [background-preinit] o.h.v.i.engine.ValidatorFactoryImpl      : HV000234: Using org.hibernate.validator.internal.util.ExecutableParameterNameProvider as ValidatorFactory-scoped parameter name provider.
2019-10-19 10:58:51.125 DEBUG 7340 --- [background-preinit] o.h.v.i.engine.ValidatorFactoryImpl      : HV000234: Using org.hibernate.validator.internal.engine.DefaultClockProvider as ValidatorFactory-scoped clock provider.
2019-10-19 10:58:51.125 DEBUG 7340 --- [background-preinit] o.h.v.i.engine.ValidatorFactoryImpl      : HV000234: Using org.hibernate.validator.internal.engine.scripting.DefaultScriptEvaluatorFactory as ValidatorFactory-scoped script evaluator factory.
2019-10-19 10:58:56.103 DEBUG 7340 --- [restartedMain] o.h.v.i.e.resolver.TraversableResolvers  : Cannot find javax.persistence.Persistence on classpath. Assuming non JPA 2 environment. All properties will per default be traversable.
2019-10-19 10:58:56.103 DEBUG 7340 --- [restartedMain] .h.v.m.ResourceBundleMessageInterpolator : Loaded expression factory via original TCCL
2019-10-19 10:58:56.110 DEBUG 7340 --- [restartedMain] o.h.v.i.e.resolver.TraversableResolvers  : Cannot find javax.persistence.Persistence on classpath. Assuming non JPA 2 environment. All properties will per default be traversable.
2019-10-19 10:58:56.112 DEBUG 7340 --- [restartedMain] o.h.v.internal.engine.ConfigurationImpl  : Setting custom MessageInterpolator of type org.springframework.validation.beanvalidation.LocaleContextMessageInterpolator
2019-10-19 10:58:56.113 DEBUG 7340 --- [restartedMain] o.h.v.internal.engine.ConfigurationImpl  : Setting custom ConstraintValidatorFactory of type org.springframework.validation.beanvalidation.SpringConstraintValidatorFactory
2019-10-19 10:58:56.115 DEBUG 7340 --- [restartedMain] o.h.v.internal.engine.ConfigurationImpl  : Setting custom ParameterNameProvider of type org.springframework.validation.beanvalidation.LocalValidatorFactoryBean$1
2019-10-19 10:58:56.117 DEBUG 7340 --- [restartedMain] o.h.v.i.xml.config.ValidationXmlParser   : Trying to load META-INF/validation.xml for XML based Validator configuration.
2019-10-19 10:58:56.118 DEBUG 7340 --- [restartedMain] o.h.v.i.xml.config.ResourceLoaderHelper  : Trying to load META-INF/validation.xml via user class loader
2019-10-19 10:58:56.118 DEBUG 7340 --- [restartedMain] o.h.v.i.xml.config.ResourceLoaderHelper  : Trying to load META-INF/validation.xml via TCCL
2019-10-19 10:58:56.119 DEBUG 7340 --- [restartedMain] o.h.v.i.xml.config.ResourceLoaderHelper  : Trying to load META-INF/validation.xml via Hibernate Validator's class loader
2019-10-19 10:58:56.119 DEBUG 7340 --- [restartedMain] o.h.v.i.xml.config.ValidationXmlParser   : No META-INF/validation.xml found. Using annotation based configuration only.
2019-10-19 10:58:56.130 DEBUG 7340 --- [restartedMain] o.h.v.i.engine.ValidatorFactoryImpl      : HV000234: Using org.springframework.validation.beanvalidation.LocaleContextMessageInterpolator as ValidatorFactory-scoped message interpolator.
2019-10-19 10:58:56.130 DEBUG 7340 --- [restartedMain] o.h.v.i.engine.ValidatorFactoryImpl      : HV000234: Using org.hibernate.validator.internal.engine.resolver.TraverseAllTraversableResolver as ValidatorFactory-scoped traversable resolver.
2019-10-19 10:58:56.131 DEBUG 7340 --- [restartedMain] o.h.v.i.engine.ValidatorFactoryImpl      : HV000234: Using org.hibernate.validator.internal.util.ExecutableParameterNameProvider as ValidatorFactory-scoped parameter name provider.
2019-10-19 10:58:56.131 DEBUG 7340 --- [restartedMain] o.h.v.i.engine.ValidatorFactoryImpl      : HV000234: Using org.hibernate.validator.internal.engine.DefaultClockProvider as ValidatorFactory-scoped clock provider.
2019-10-19 10:58:56.131 DEBUG 7340 --- [restartedMain] o.h.v.i.engine.ValidatorFactoryImpl      : HV000234: Using org.hibernate.validator.internal.engine.scripting.DefaultScriptEvaluatorFactory as ValidatorFactory-scoped script evaluator factory.
2019-10-19 11:04:45.760 DEBUG 7364 --- [restartedMain] o.h.v.i.e.resolver.TraversableResolvers  : Cannot find javax.persistence.Persistence on classpath. Assuming non JPA 2 environment. All properties will per default be traversable.
2019-10-19 11:04:45.766 DEBUG 7364 --- [restartedMain] .h.v.m.ResourceBundleMessageInterpolator : Loaded expression factory via original TCCL
2019-10-19 11:04:45.773 DEBUG 7364 --- [restartedMain] o.h.v.i.e.resolver.TraversableResolvers  : Cannot find javax.persistence.Persistence on classpath. Assuming non JPA 2 environment. All properties will per default be traversable.
2019-10-19 11:04:45.775 DEBUG 7364 --- [restartedMain] o.h.v.internal.engine.ConfigurationImpl  : Setting custom MessageInterpolator of type org.springframework.validation.beanvalidation.LocaleContextMessageInterpolator
2019-10-19 11:04:45.776 DEBUG 7364 --- [restartedMain] o.h.v.internal.engine.ConfigurationImpl  : Setting custom ConstraintValidatorFactory of type org.springframework.validation.beanvalidation.SpringConstraintValidatorFactory
2019-10-19 11:04:45.777 DEBUG 7364 --- [restartedMain] o.h.v.internal.engine.ConfigurationImpl  : Setting custom ParameterNameProvider of type org.springframework.validation.beanvalidation.LocalValidatorFactoryBean$1
2019-10-19 11:04:45.778 DEBUG 7364 --- [restartedMain] o.h.v.i.xml.config.ValidationXmlParser   : Trying to load META-INF/validation.xml for XML based Validator configuration.
2019-10-19 11:04:45.780 DEBUG 7364 --- [restartedMain] o.h.v.i.xml.config.ResourceLoaderHelper  : Trying to load META-INF/validation.xml via user class loader
2019-10-19 11:04:45.782 DEBUG 7364 --- [restartedMain] o.h.v.i.xml.config.ResourceLoaderHelper  : Trying to load META-INF/validation.xml via TCCL
2019-10-19 11:04:45.783 DEBUG 7364 --- [restartedMain] o.h.v.i.xml.config.ResourceLoaderHelper  : Trying to load META-INF/validation.xml via Hibernate Validator's class loader
2019-10-19 11:04:45.784 DEBUG 7364 --- [restartedMain] o.h.v.i.xml.config.ValidationXmlParser   : No META-INF/validation.xml found. Using annotation based configuration only.
2019-10-19 11:04:45.794 DEBUG 7364 --- [restartedMain] o.h.v.i.engine.ValidatorFactoryImpl      : HV000234: Using org.springframework.validation.beanvalidation.LocaleContextMessageInterpolator as ValidatorFactory-scoped message interpolator.
2019-10-19 11:04:45.795 DEBUG 7364 --- [restartedMain] o.h.v.i.engine.ValidatorFactoryImpl      : HV000234: Using org.hibernate.validator.internal.engine.resolver.TraverseAllTraversableResolver as ValidatorFactory-scoped traversable resolver.
2019-10-19 11:04:45.795 DEBUG 7364 --- [restartedMain] o.h.v.i.engine.ValidatorFactoryImpl      : HV000234: Using org.hibernate.validator.internal.util.ExecutableParameterNameProvider as ValidatorFactory-scoped parameter name provider.
2019-10-19 11:04:45.796 DEBUG 7364 --- [restartedMain] o.h.v.i.engine.ValidatorFactoryImpl      : HV000234: Using org.hibernate.validator.internal.engine.DefaultClockProvider as ValidatorFactory-scoped clock provider.
2019-10-19 11:04:45.796 DEBUG 7364 --- [restartedMain] o.h.v.i.engine.ValidatorFactoryImpl      : HV000234: Using org.hibernate.validator.internal.engine.scripting.DefaultScriptEvaluatorFactory as ValidatorFactory-scoped script evaluator factory.
2019-10-19 11:08:26.191 DEBUG 7432 --- [restartedMain] o.h.v.i.e.resolver.TraversableResolvers  : Cannot find javax.persistence.Persistence on classpath. Assuming non JPA 2 environment. All properties will per default be traversable.
2019-10-19 11:08:26.196 DEBUG 7432 --- [restartedMain] .h.v.m.ResourceBundleMessageInterpolator : Loaded expression factory via original TCCL
2019-10-19 11:08:26.200 DEBUG 7432 --- [restartedMain] o.h.v.i.e.resolver.TraversableResolvers  : Cannot find javax.persistence.Persistence on classpath. Assuming non JPA 2 environment. All properties will per default be traversable.
2019-10-19 11:08:26.201 DEBUG 7432 --- [restartedMain] o.h.v.internal.engine.ConfigurationImpl  : Setting custom MessageInterpolator of type org.springframework.validation.beanvalidation.LocaleContextMessageInterpolator
2019-10-19 11:08:26.202 DEBUG 7432 --- [restartedMain] o.h.v.internal.engine.ConfigurationImpl  : Setting custom ConstraintValidatorFactory of type org.springframework.validation.beanvalidation.SpringConstraintValidatorFactory
2019-10-19 11:08:26.203 DEBUG 7432 --- [restartedMain] o.h.v.internal.engine.ConfigurationImpl  : Setting custom ParameterNameProvider of type org.springframework.validation.beanvalidation.LocalValidatorFactoryBean$1
2019-10-19 11:08:26.204 DEBUG 7432 --- [restartedMain] o.h.v.i.xml.config.ValidationXmlParser   : Trying to load META-INF/validation.xml for XML based Validator configuration.
2019-10-19 11:08:26.204 DEBUG 7432 --- [restartedMain] o.h.v.i.xml.config.ResourceLoaderHelper  : Trying to load META-INF/validation.xml via user class loader
2019-10-19 11:08:26.205 DEBUG 7432 --- [restartedMain] o.h.v.i.xml.config.ResourceLoaderHelper  : Trying to load META-INF/validation.xml via TCCL
2019-10-19 11:08:26.205 DEBUG 7432 --- [restartedMain] o.h.v.i.xml.config.ResourceLoaderHelper  : Trying to load META-INF/validation.xml via Hibernate Validator's class loader
2019-10-19 11:08:26.206 DEBUG 7432 --- [restartedMain] o.h.v.i.xml.config.ValidationXmlParser   : No META-INF/validation.xml found. Using annotation based configuration only.
2019-10-19 11:08:26.211 DEBUG 7432 --- [restartedMain] o.h.v.i.engine.ValidatorFactoryImpl      : HV000234: Using org.springframework.validation.beanvalidation.LocaleContextMessageInterpolator as ValidatorFactory-scoped message interpolator.
2019-10-19 11:08:26.212 DEBUG 7432 --- [restartedMain] o.h.v.i.engine.ValidatorFactoryImpl      : HV000234: Using org.hibernate.validator.internal.engine.resolver.TraverseAllTraversableResolver as ValidatorFactory-scoped traversable resolver.
2019-10-19 11:08:26.212 DEBUG 7432 --- [restartedMain] o.h.v.i.engine.ValidatorFactoryImpl      : HV000234: Using org.hibernate.validator.internal.util.ExecutableParameterNameProvider as ValidatorFactory-scoped parameter name provider.
2019-10-19 11:08:26.212 DEBUG 7432 --- [restartedMain] o.h.v.i.engine.ValidatorFactoryImpl      : HV000234: Using org.hibernate.validator.internal.engine.DefaultClockProvider as ValidatorFactory-scoped clock provider.
2019-10-19 11:08:26.212 DEBUG 7432 --- [restartedMain] o.h.v.i.engine.ValidatorFactoryImpl      : HV000234: Using org.hibernate.validator.internal.engine.scripting.DefaultScriptEvaluatorFactory as ValidatorFactory-scoped script evaluator factory.
2019-10-19 11:22:11.016 DEBUG 7664 --- [background-preinit] o.h.v.i.engine.ValidatorFactoryImpl      : HV000234: Using org.hibernate.validator.messageinterpolation.ResourceBundleMessageInterpolator as ValidatorFactory-scoped message interpolator.
2019-10-19 11:22:11.022 DEBUG 7664 --- [background-preinit] o.h.v.i.engine.ValidatorFactoryImpl      : HV000234: Using org.hibernate.validator.internal.engine.resolver.TraverseAllTraversableResolver as ValidatorFactory-scoped traversable resolver.
2019-10-19 11:22:11.022 DEBUG 7664 --- [background-preinit] o.h.v.i.engine.ValidatorFactoryImpl      : HV000234: Using org.hibernate.validator.internal.util.ExecutableParameterNameProvider as ValidatorFactory-scoped parameter name provider.
2019-10-19 11:22:11.023 DEBUG 7664 --- [background-preinit] o.h.v.i.engine.ValidatorFactoryImpl      : HV000234: Using org.hibernate.validator.internal.engine.DefaultClockProvider as ValidatorFactory-scoped clock provider.
2019-10-19 11:22:11.023 DEBUG 7664 --- [background-preinit] o.h.v.i.engine.ValidatorFactoryImpl      : HV000234: Using org.hibernate.validator.internal.engine.scripting.DefaultScriptEvaluatorFactory as ValidatorFactory-scoped script evaluator factory.
2019-10-19 11:22:14.014 DEBUG 7664 --- [restartedMain] o.h.v.i.e.resolver.TraversableResolvers  : Cannot find javax.persistence.Persistence on classpath. Assuming non JPA 2 environment. All properties will per default be traversable.
2019-10-19 11:22:14.015 DEBUG 7664 --- [restartedMain] .h.v.m.ResourceBundleMessageInterpolator : Loaded expression factory via original TCCL
2019-10-19 11:22:14.019 DEBUG 7664 --- [restartedMain] o.h.v.i.e.resolver.TraversableResolvers  : Cannot find javax.persistence.Persistence on classpath. Assuming non JPA 2 environment. All properties will per default be traversable.
2019-10-19 11:22:14.021 DEBUG 7664 --- [restartedMain] o.h.v.internal.engine.ConfigurationImpl  : Setting custom MessageInterpolator of type org.springframework.validation.beanvalidation.LocaleContextMessageInterpolator
2019-10-19 11:22:14.022 DEBUG 7664 --- [restartedMain] o.h.v.internal.engine.ConfigurationImpl  : Setting custom ConstraintValidatorFactory of type org.springframework.validation.beanvalidation.SpringConstraintValidatorFactory
2019-10-19 11:22:14.022 DEBUG 7664 --- [restartedMain] o.h.v.internal.engine.ConfigurationImpl  : Setting custom ParameterNameProvider of type org.springframework.validation.beanvalidation.LocalValidatorFactoryBean$1
2019-10-19 11:22:14.024 DEBUG 7664 --- [restartedMain] o.h.v.i.xml.config.ValidationXmlParser   : Trying to load META-INF/validation.xml for XML based Validator configuration.
2019-10-19 11:22:14.024 DEBUG 7664 --- [restartedMain] o.h.v.i.xml.config.ResourceLoaderHelper  : Trying to load META-INF/validation.xml via user class loader
2019-10-19 11:22:14.025 DEBUG 7664 --- [restartedMain] o.h.v.i.xml.config.ResourceLoaderHelper  : Trying to load META-INF/validation.xml via TCCL
2019-10-19 11:22:14.025 DEBUG 7664 --- [restartedMain] o.h.v.i.xml.config.ResourceLoaderHelper  : Trying to load META-INF/validation.xml via Hibernate Validator's class loader
2019-10-19 11:22:14.025 DEBUG 7664 --- [restartedMain] o.h.v.i.xml.config.ValidationXmlParser   : No META-INF/validation.xml found. Using annotation based configuration only.
2019-10-19 11:22:14.032 DEBUG 7664 --- [restartedMain] o.h.v.i.engine.ValidatorFactoryImpl      : HV000234: Using org.springframework.validation.beanvalidation.LocaleContextMessageInterpolator as ValidatorFactory-scoped message interpolator.
2019-10-19 11:22:14.032 DEBUG 7664 --- [restartedMain] o.h.v.i.engine.ValidatorFactoryImpl      : HV000234: Using org.hibernate.validator.internal.engine.resolver.TraverseAllTraversableResolver as ValidatorFactory-scoped traversable resolver.
2019-10-19 11:22:14.032 DEBUG 7664 --- [restartedMain] o.h.v.i.engine.ValidatorFactoryImpl      : HV000234: Using org.hibernate.validator.internal.util.ExecutableParameterNameProvider as ValidatorFactory-scoped parameter name provider.
2019-10-19 11:22:14.032 DEBUG 7664 --- [restartedMain] o.h.v.i.engine.ValidatorFactoryImpl      : HV000234: Using org.hibernate.validator.internal.engine.DefaultClockProvider as ValidatorFactory-scoped clock provider.
2019-10-19 11:22:14.033 DEBUG 7664 --- [restartedMain] o.h.v.i.engine.ValidatorFactoryImpl      : HV000234: Using org.hibernate.validator.internal.engine.scripting.DefaultScriptEvaluatorFactory as ValidatorFactory-scoped script evaluator factory.
2019-10-19 11:23:20.577 DEBUG 7685 --- [restartedMain] o.h.v.i.e.resolver.TraversableResolvers  : Cannot find javax.persistence.Persistence on classpath. Assuming non JPA 2 environment. All properties will per default be traversable.
2019-10-19 11:23:20.583 DEBUG 7685 --- [restartedMain] .h.v.m.ResourceBundleMessageInterpolator : Loaded expression factory via original TCCL
2019-10-19 11:23:20.586 DEBUG 7685 --- [restartedMain] o.h.v.i.e.resolver.TraversableResolvers  : Cannot find javax.persistence.Persistence on classpath. Assuming non JPA 2 environment. All properties will per default be traversable.
2019-10-19 11:23:20.587 DEBUG 7685 --- [restartedMain] o.h.v.internal.engine.ConfigurationImpl  : Setting custom MessageInterpolator of type org.springframework.validation.beanvalidation.LocaleContextMessageInterpolator
2019-10-19 11:23:20.588 DEBUG 7685 --- [restartedMain] o.h.v.internal.engine.ConfigurationImpl  : Setting custom ConstraintValidatorFactory of type org.springframework.validation.beanvalidation.SpringConstraintValidatorFactory
2019-10-19 11:23:20.589 DEBUG 7685 --- [restartedMain] o.h.v.internal.engine.ConfigurationImpl  : Setting custom ParameterNameProvider of type org.springframework.validation.beanvalidation.LocalValidatorFactoryBean$1
2019-10-19 11:23:20.591 DEBUG 7685 --- [restartedMain] o.h.v.i.xml.config.ValidationXmlParser   : Trying to load META-INF/validation.xml for XML based Validator configuration.
2019-10-19 11:23:20.591 DEBUG 7685 --- [restartedMain] o.h.v.i.xml.config.ResourceLoaderHelper  : Trying to load META-INF/validation.xml via user class loader
2019-10-19 11:23:20.591 DEBUG 7685 --- [restartedMain] o.h.v.i.xml.config.ResourceLoaderHelper  : Trying to load META-INF/validation.xml via TCCL
2019-10-19 11:23:20.592 DEBUG 7685 --- [restartedMain] o.h.v.i.xml.config.ResourceLoaderHelper  : Trying to load META-INF/validation.xml via Hibernate Validator's class loader
2019-10-19 11:23:20.592 DEBUG 7685 --- [restartedMain] o.h.v.i.xml.config.ValidationXmlParser   : No META-INF/validation.xml found. Using annotation based configuration only.
2019-10-19 11:23:20.597 DEBUG 7685 --- [restartedMain] o.h.v.i.engine.ValidatorFactoryImpl      : HV000234: Using org.springframework.validation.beanvalidation.LocaleContextMessageInterpolator as ValidatorFactory-scoped message interpolator.
2019-10-19 11:23:20.597 DEBUG 7685 --- [restartedMain] o.h.v.i.engine.ValidatorFactoryImpl      : HV000234: Using org.hibernate.validator.internal.engine.resolver.TraverseAllTraversableResolver as ValidatorFactory-scoped traversable resolver.
2019-10-19 11:23:20.598 DEBUG 7685 --- [restartedMain] o.h.v.i.engine.ValidatorFactoryImpl      : HV000234: Using org.hibernate.validator.internal.util.ExecutableParameterNameProvider as ValidatorFactory-scoped parameter name provider.
2019-10-19 11:23:20.598 DEBUG 7685 --- [restartedMain] o.h.v.i.engine.ValidatorFactoryImpl      : HV000234: Using org.hibernate.validator.internal.engine.DefaultClockProvider as ValidatorFactory-scoped clock provider.
2019-10-19 11:23:20.599 DEBUG 7685 --- [restartedMain] o.h.v.i.engine.ValidatorFactoryImpl      : HV000234: Using org.hibernate.validator.internal.engine.scripting.DefaultScriptEvaluatorFactory as ValidatorFactory-scoped script evaluator factory.
2019-10-19 11:26:40.906 DEBUG 7733 --- [restartedMain] o.h.v.i.e.resolver.TraversableResolvers  : Cannot find javax.persistence.Persistence on classpath. Assuming non JPA 2 environment. All properties will per default be traversable.
2019-10-19 11:26:40.913 DEBUG 7733 --- [restartedMain] .h.v.m.ResourceBundleMessageInterpolator : Loaded expression factory via original TCCL
2019-10-19 11:26:40.919 DEBUG 7733 --- [restartedMain] o.h.v.i.e.resolver.TraversableResolvers  : Cannot find javax.persistence.Persistence on classpath. Assuming non JPA 2 environment. All properties will per default be traversable.
2019-10-19 11:26:40.921 DEBUG 7733 --- [restartedMain] o.h.v.internal.engine.ConfigurationImpl  : Setting custom MessageInterpolator of type org.springframework.validation.beanvalidation.LocaleContextMessageInterpolator
2019-10-19 11:26:40.922 DEBUG 7733 --- [restartedMain] o.h.v.internal.engine.ConfigurationImpl  : Setting custom ConstraintValidatorFactory of type org.springframework.validation.beanvalidation.SpringConstraintValidatorFactory
2019-10-19 11:26:40.925 DEBUG 7733 --- [restartedMain] o.h.v.internal.engine.ConfigurationImpl  : Setting custom ParameterNameProvider of type org.springframework.validation.beanvalidation.LocalValidatorFactoryBean$1
2019-10-19 11:26:40.928 DEBUG 7733 --- [restartedMain] o.h.v.i.xml.config.ValidationXmlParser   : Trying to load META-INF/validation.xml for XML based Validator configuration.
2019-10-19 11:26:40.930 DEBUG 7733 --- [restartedMain] o.h.v.i.xml.config.ResourceLoaderHelper  : Trying to load META-INF/validation.xml via user class loader
2019-10-19 11:26:40.932 DEBUG 7733 --- [restartedMain] o.h.v.i.xml.config.ResourceLoaderHelper  : Trying to load META-INF/validation.xml via TCCL
2019-10-19 11:26:40.934 DEBUG 7733 --- [restartedMain] o.h.v.i.xml.config.ResourceLoaderHelper  : Trying to load META-INF/validation.xml via Hibernate Validator's class loader
2019-10-19 11:26:40.935 DEBUG 7733 --- [restartedMain] o.h.v.i.xml.config.ValidationXmlParser   : No META-INF/validation.xml found. Using annotation based configuration only.
2019-10-19 11:26:40.945 DEBUG 7733 --- [restartedMain] o.h.v.i.engine.ValidatorFactoryImpl      : HV000234: Using org.springframework.validation.beanvalidation.LocaleContextMessageInterpolator as ValidatorFactory-scoped message interpolator.
2019-10-19 11:26:40.945 DEBUG 7733 --- [restartedMain] o.h.v.i.engine.ValidatorFactoryImpl      : HV000234: Using org.hibernate.validator.internal.engine.resolver.TraverseAllTraversableResolver as ValidatorFactory-scoped traversable resolver.
2019-10-19 11:26:40.954 DEBUG 7733 --- [restartedMain] o.h.v.i.engine.ValidatorFactoryImpl      : HV000234: Using org.hibernate.validator.internal.util.ExecutableParameterNameProvider as ValidatorFactory-scoped parameter name provider.
2019-10-19 11:26:40.955 DEBUG 7733 --- [restartedMain] o.h.v.i.engine.ValidatorFactoryImpl      : HV000234: Using org.hibernate.validator.internal.engine.DefaultClockProvider as ValidatorFactory-scoped clock provider.
2019-10-19 11:26:40.959 DEBUG 7733 --- [restartedMain] o.h.v.i.engine.ValidatorFactoryImpl      : HV000234: Using org.hibernate.validator.internal.engine.scripting.DefaultScriptEvaluatorFactory as ValidatorFactory-scoped script evaluator factory.
